FAIL_CLASS=planner_oracle_mismatch
FAIL_STAGE=replay
FAIL_PRIMITIVE=none
FAIL_PLANNER_PHASE=split
FAIL_TARGET_OCC=0
FAIL_MISMATCH=final_state
FAIL_STATE_HASH=b3ba022a7441793d
FAIL_ORACLE_HASH=b38b09bea37b92d1
FAIL_TRACE_HASH=47fe0d7eaf8e51e3
FAIL_HASH=64469caced1f1438
raw_engine_tests error: split_choice_oracle_mismatch
selected_pair=2,6
mismatch_pair=2,8
result=
selected_pair=2,6
admissible_pair_count=4
compared_pair_count=4
fully_equivalent_count=1
same_stop_different_final_state_count=0
semantic_mismatch_count=3
selected_equivalence_class_size=1
max_equivalence_class_size=1
selected_pair_representative=1
exact_audit_available=0
fast_class_count=3
exact_class_count=0
exact_vs_fast_class_disagreement_count=0
representative_shifted=0
exact_representative_selected=0
pair=2,6 selected=1 grade=fully_equivalent stop=1 final=b38b09bea37b92d1 target_prepare=92b57a12bc2fa972 trace=47fe0d7eaf8e51e3 fast_class=38af9e87e5e53b3b
pair=2,8 selected=0 grade=semantic_mismatch stop=1 final=b3ba022a7441793d target_prepare=92b57a12bc2fa972 trace=47fe0d7eaf8e51e3 fast_class=f503c4636e2e1075
pair=4,6 selected=0 grade=semantic_mismatch stop=1 final=f623168833c138cb target_prepare=92b57a12bc2fa972 trace=47fe0d7eaf8e51e3 fast_class=a349e242cef2c046
pair=4,8 selected=0 grade=semantic_mismatch stop=1 final=47d89d7acdc5fbd5 target_prepare=92b57a12bc2fa972 trace=47fe0d7eaf8e51e3 fast_class=38af9e87e5e53b3b

Usage: raw_engine_tests [options]
  --case <name>
  --seed <u32>
  --iters <int>
  --repro-file <path>
  --state-file <path>
  --primitive isolate|split|join|integrate
  --target-occ <id>
  --keep-occ <csv>
  --artifact-dir <path>
  --save-corpus <dir>
  --load-corpus <dir>
  --corpus-policy best|append|replace
  --campaign-config <json|txt>
  --max-real <N>
  --max-occ <N>
  --max-edges <N>
  --max-components <N>
  --max-hosted-occ <N>
  --max-states <N>
  --collision-spot-checks <N>
  --max-split-pair-candidates <N>
  --max-split-choice-eval <N>
  --exact-canonical-cap <N>
  --exact-canonical-sample-rate <N>
  --dedupe-canonical
  --family split_ready|join_ready|integrate_ready|mixed|split_tie_ready|split_tie_structural|planner_tie_mixed|split_tie_symmetric_large|planner_tie_mixed_symmetric|canonical_collision_probe|all
  --stats
  --stats-file <path>
  --fuzz-mode random|weighted_split_heavy|weighted_join_heavy|weighted_integrate_heavy|artifact_heavy|multiedge_heavy|split_ready|split_with_boundary_artifact|split_with_keepOcc_sibling|split_with_join_and_integrate|planner_mixed_targeted|join_ready|integrate_ready|planner_mixed_structural|split_tie_ready|split_tie_structural|planner_tie_mixed|split_tie_symmetric_large|planner_tie_mixed_symmetric|canonical_collision_probe
  --weight-profile random|weighted_split_heavy|weighted_join_heavy|weighted_integrate_heavy|artifact_heavy|multiedge_heavy
  --precondition-bias-profile default|balanced|split_heavy|join_heavy|integrate_heavy|artifact_heavy|structural
  --bias-split <0..8>
  --bias-join <0..8>
  --bias-integrate <0..8>
  --scenario-family random|split_ready|split_with_boundary_artifact|split_with_keepOcc_sibling|split_with_join_and_integrate|planner_mixed_targeted|join_ready|integrate_ready|planner_mixed_structural|split_tie_ready|split_tie_structural|planner_tie_mixed|split_tie_symmetric_large|planner_tie_mixed_symmetric|canonical_collision_probe
  --max-artifacts <N>
  --keep-only-failures
  --trace-level none|summary|full
  --compress-artifacts
  --step-budget <size_t>
  --repeat <int>
  --dump-on-fail
  --oracle [primitive|planner|all]
  --dump-trace
  --reduce
  --verbose
  --help
