FAIL_CLASS=planner_oracle_mismatch
FAIL_STAGE=replay
FAIL_PRIMITIVE=none
FAIL_PLANNER_PHASE=split
FAIL_TARGET_OCC=0
FAIL_MISMATCH=final_state
FAIL_STATE_HASH=9d03a5e4e6398bfa
FAIL_ORACLE_HASH=218e28e65d63488
FAIL_TRACE_HASH=47fe0d7eaf8e51e3
FAIL_HASH=bd6cc174e0df2b8a
raw_engine_tests error: split_choice_oracle_mismatch
selected_pair=2,8
mismatch_pair=2,6
result=
selected_pair=2,8
admissible_pair_count=6
compared_pair_count=6
fully_equivalent_count=1
same_stop_different_final_state_count=1
semantic_mismatch_count=4
selected_equivalence_class_size=1
max_equivalence_class_size=1
selected_pair_representative=1
exact_audit_available=0
fast_class_count=4
exact_class_count=0
exact_vs_fast_class_disagreement_count=0
representative_shifted=0
exact_representative_selected=0
pair=2,6 selected=0 grade=same_stop_different_final_state stop=1 final=9d03a5e4e6398bfa target_prepare=92b57a12bc2fa972 trace=47fe0d7eaf8e51e3 fast_class=6c2797da5ce7051d
pair=2,8 selected=1 grade=fully_equivalent stop=1 final=218e28e65d63488 target_prepare=92b57a12bc2fa972 trace=47fe0d7eaf8e51e3 fast_class=3742721b523af76c
pair=4,6 selected=0 grade=semantic_mismatch stop=1 final=22c9efc4c98d3fcc target_prepare=92b57a12bc2fa972 trace=47fe0d7eaf8e51e3 fast_class=e8d829f2f3991900
pair=4,8 selected=0 grade=semantic_mismatch stop=1 final=9e2d2a62da586f70 target_prepare=92b57a12bc2fa972 trace=47fe0d7eaf8e51e3 fast_class=6c2797da5ce7051d
pair=4,3002 selected=0 grade=semantic_mismatch stop=1 final=ae1117dc368b96d1 target_prepare=92b57a12bc2fa972 trace=47fe0d7eaf8e51e3 fast_class=9d05c518e639e927
pair=6,3002 selected=0 grade=semantic_mismatch stop=1 final=72c58fcaef24bacf target_prepare=92b57a12bc2fa972 trace=47fe0d7eaf8e51e3 fast_class=9d05c518e639e927

Usage: raw_engine_tests [options]
  --case <name>
  --seed <u32>
  --iters <int>
  --repro-file <path>
  --state-file <path>
  --primitive isolate|split|join|integrate
  --target-occ <id>
  --keep-occ <csv>
  --artifact-dir <path>
  --save-corpus <dir>
  --load-corpus <dir>
  --corpus-policy best|append|replace
  --campaign-config <json|txt>
  --max-real <N>
  --max-occ <N>
  --max-edges <N>
  --max-components <N>
  --max-hosted-occ <N>
  --max-states <N>
  --collision-spot-checks <N>
  --max-split-pair-candidates <N>
  --max-split-choice-eval <N>
  --exact-canonical-cap <N>
  --exact-canonical-sample-rate <N>
  --dedupe-canonical
  --family split_ready|join_ready|integrate_ready|mixed|split_tie_ready|split_tie_structural|planner_tie_mixed|split_tie_symmetric_large|planner_tie_mixed_symmetric|canonical_collision_probe|all
  --stats
  --stats-file <path>
  --fuzz-mode random|weighted_split_heavy|weighted_join_heavy|weighted_integrate_heavy|artifact_heavy|multiedge_heavy|split_ready|split_with_boundary_artifact|split_with_keepOcc_sibling|split_with_join_and_integrate|planner_mixed_targeted|join_ready|integrate_ready|planner_mixed_structural|split_tie_ready|split_tie_structural|planner_tie_mixed|split_tie_symmetric_large|planner_tie_mixed_symmetric|canonical_collision_probe
  --weight-profile random|weighted_split_heavy|weighted_join_heavy|weighted_integrate_heavy|artifact_heavy|multiedge_heavy
  --precondition-bias-profile default|balanced|split_heavy|join_heavy|integrate_heavy|artifact_heavy|structural
  --bias-split <0..8>
  --bias-join <0..8>
  --bias-integrate <0..8>
  --scenario-family random|split_ready|split_with_boundary_artifact|split_with_keepOcc_sibling|split_with_join_and_integrate|planner_mixed_targeted|join_ready|integrate_ready|planner_mixed_structural|split_tie_ready|split_tie_structural|planner_tie_mixed|split_tie_symmetric_large|planner_tie_mixed_symmetric|canonical_collision_probe
  --max-artifacts <N>
  --keep-only-failures
  --trace-level none|summary|full
  --compress-artifacts
  --step-budget <size_t>
  --repeat <int>
  --dump-on-fail
  --oracle [primitive|planner|all]
  --dump-trace
  --reduce
  --verbose
  --help
